init-params: initializing eigensolver data
Computing 1 bands with 1.000000e-07 tolerance.
Working in 3 dimensions.
Grid size is 16 x 16 x 16.
Solving for 1 bands at a time.
Creating Maxwell data...
Allocating fields...
Mesh size is 5.
Lattice vectors:
     (0.894427, -0.447214, 0)
     (0, 0.774597, 0)
     (0, 0, 0.969632)
Cell volume = 0.67178
Reciprocal lattice vectors (/ 2 pi):
     (1.11803, -0, 0)
     (0.645497, 1.29099, -0)
     (-0, -0, 1.03132)
Geometric objects:
     sphere, center = (0.06,-0,0)
          radius 0.06
          dielectric constant epsilon = 1
     sphere, center = (0.333333,-0.333333,-0.5)
          radius 0.06
          dielectric constant epsilon = 1
     sphere, center = (-0.333333,0.333333,-0.5)
          radius 0.06
          dielectric constant epsilon = 1
Geometric object tree has depth 3 and 5 object nodes (vs. 3 actual objects)
Initializing dielectric function...
0 k-points:
Solving for band polarization: .
Initializing fields to random numbers...
elapsed time for initialization: 0 seconds.
epsilon: 1-16, mean 15.9399, harm. mean 15.7274, 99.9756% > 1, 99.5997% "fill"
Outputting struct-r0.06-epsilon...
total elapsed time for run: 0 seconds.
done.
