init-params: initializing eigensolver data
Computing 1 bands with 1.000000e-07 tolerance.
Working in 3 dimensions.
Grid size is 32 x 32 x 32.
Solving for 1 bands at a time.
Creating Maxwell data...
Allocating fields...
Mesh size is 5.
Lattice vectors:
     (1, 0, 0)
     (0, 1, 0)
     (0, 0, 1)
Cell volume = 1
Reciprocal lattice vectors (/ 2 pi):
     (1, -0, 0)
     (-0, 1, -0)
     (0, -0, 1)
Geometric objects:
     sphere, center = (0.194444,0.194444,0.194444)
          radius 0.06
          dielectric constant epsilon = 1
     sphere, center = (-0.0555556,0.444444,-0.305556)
          radius 0.06
          dielectric constant epsilon = 1
     sphere, center = (0.444444,-0.305556,-0.0555556)
          radius 0.06
          dielectric constant epsilon = 1
     sphere, center = (-0.305556,-0.0555556,0.444444)
          radius 0.06
          dielectric constant epsilon = 1
     sphere, center = (0.444444,-0.0555556,-0.305556)
          radius 0.06
          dielectric constant epsilon = 1
     sphere, center = (-0.0555556,-0.305556,0.444444)
          radius 0.06
          dielectric constant epsilon = 1
     sphere, center = (-0.305556,0.444444,-0.0555556)
          radius 0.06
          dielectric constant epsilon = 1
     sphere, center = (0.194444,-0.305556,-0.305556)
          radius 0.06
          dielectric constant epsilon = 1
     sphere, center = (-0.0555556,-0.0555556,0.194444)
          radius 0.06
          dielectric constant epsilon = 1
     sphere, center = (0.444444,0.194444,0.444444)
          radius 0.06
          dielectric constant epsilon = 1
     sphere, center = (0.444444,0.444444,0.194444)
          radius 0.06
          dielectric constant epsilon = 1
     sphere, center = (-0.0555556,0.194444,-0.0555556)
          radius 0.06
          dielectric constant epsilon = 1
     sphere, center = (-0.305556,0.194444,-0.305556)
          radius 0.06
          dielectric constant epsilon = 1
     sphere, center = (0.194444,-0.0555556,-0.0555556)
          radius 0.06
          dielectric constant epsilon = 1
     sphere, center = (0.194444,0.444444,0.444444)
          radius 0.06
          dielectric constant epsilon = 1
     sphere, center = (-0.305556,-0.305556,0.194444)
          radius 0.06
          dielectric constant epsilon = 1
     sphere, center = (0.257444,0.0694444,0.0694444)
          radius 0.06
          dielectric constant epsilon = 1
     sphere, center = (-0.118556,-0.430556,-0.430556)
          radius 0.06
          dielectric constant epsilon = 1
     sphere, center = (0.382444,-0.430556,0.0694444)
          radius 0.06
          dielectric constant epsilon = 1
     sphere, center = (-0.243556,0.0694444,-0.430556)
          radius 0.06
          dielectric constant epsilon = 1
     sphere, center = (0.0669444,0.257444,0.0694444)
          radius 0.06
          dielectric constant epsilon = 1
     sphere, center = (-0.430556,-0.118556,-0.430556)
          radius 0.06
          dielectric constant epsilon = 1
     sphere, center = (0.0669444,0.382444,-0.430556)
          radius 0.06
          dielectric constant epsilon = 1
     sphere, center = (-0.430556,-0.243556,0.0694444)
          radius 0.06
          dielectric constant epsilon = 1
     sphere, center = (0.0669444,0.0694444,0.257444)
          radius 0.06
          dielectric constant epsilon = 1
     sphere, center = (-0.430556,-0.430556,-0.118556)
          radius 0.06
          dielectric constant epsilon = 1
     sphere, center = (-0.430556,0.0694444,0.382444)
          radius 0.06
          dielectric constant epsilon = 1
     sphere, center = (0.0669444,-0.430556,-0.243556)
          radius 0.06
          dielectric constant epsilon = 1
     sphere, center = (-0.180556,0.507444,-0.180556)
          radius 0.06
          dielectric constant epsilon = 1
     sphere, center = (0.319444,0.132444,0.319444)
          radius 0.06
          dielectric constant epsilon = 1
     sphere, center = (0.319444,-0.368556,-0.180556)
          radius 0.06
          dielectric constant epsilon = 1
     sphere, center = (-0.180556,0.00644444,0.319444)
          radius 0.06
          dielectric constant epsilon = 1
     sphere, center = (0.0606444,0.319444,-0.180556)
          radius 0.06
          dielectric constant epsilon = 1
     sphere, center = (-0.368556,-0.180556,0.319444)
          radius 0.06
          dielectric constant epsilon = 1
     sphere, center = (0.132444,0.319444,0.319444)
          radius 0.06
          dielectric constant epsilon = 1
     sphere, center = (0.507444,-0.180556,-0.180556)
          radius 0.06
          dielectric constant epsilon = 1
     sphere, center = (-0.180556,0.319444,-0.368556)
          radius 0.06
          dielectric constant epsilon = 1
     sphere, center = (0.319444,-0.180556,0.00644444)
          radius 0.06
          dielectric constant epsilon = 1
     sphere, center = (-0.180556,-0.180556,0.507444)
          radius 0.06
          dielectric constant epsilon = 1
     sphere, center = (0.319444,0.319444,0.132444)
          radius 0.06
          dielectric constant epsilon = 1
     sphere, center = (0.0606444,-0.180556,0.319444)
          radius 0.06
          dielectric constant epsilon = 1
     sphere, center = (-0.368556,0.319444,-0.180556)
          radius 0.06
          dielectric constant epsilon = 1
     sphere, center = (0.319444,0.00644444,-0.180556)
          radius 0.06
          dielectric constant epsilon = 1
     sphere, center = (-0.180556,-0.368556,0.319444)
          radius 0.06
          dielectric constant epsilon = 1
     sphere, center = (-0.180556,0.319444,0.00644444)
          radius 0.06
          dielectric constant epsilon = 1
     sphere, center = (0.319444,-0.180556,-0.368556)
          radius 0.06
          dielectric constant epsilon = 1
     sphere, center = (0.0669444,-0.243556,-0.430556)
          radius 0.06
          dielectric constant epsilon = 1
     sphere, center = (-0.430556,0.382444,0.0694444)
          radius 0.06
          dielectric constant epsilon = 1
     sphere, center = (0.382444,0.0694444,-0.430556)
          radius 0.06
          dielectric constant epsilon = 1
     sphere, center = (-0.243556,-0.430556,0.0694444)
          radius 0.06
          dielectric constant epsilon = 1
     sphere, center = (-0.430556,0.0694444,-0.243556)
          radius 0.06
          dielectric constant epsilon = 1
     sphere, center = (0.0669444,-0.430556,0.382444)
          radius 0.06
          dielectric constant epsilon = 1
     sphere, center = (0.257444,-0.430556,-0.430556)
          radius 0.06
          dielectric constant epsilon = 1
     sphere, center = (-0.118556,0.0694444,0.0694444)
          radius 0.06
          dielectric constant epsilon = 1
     sphere, center = (0.0669444,-0.118556,0.0694444)
          radius 0.06
          dielectric constant epsilon = 1
     sphere, center = (-0.430556,0.257444,-0.430556)
          radius 0.06
          dielectric constant epsilon = 1
     sphere, center = (0.132444,-0.180556,-0.180556)
          radius 0.06
          dielectric constant epsilon = 1
     sphere, center = (0.507444,0.319444,0.319444)
          radius 0.06
          dielectric constant epsilon = 1
     sphere, center = (-0.180556,-0.180556,0.132444)
          radius 0.06
          dielectric constant epsilon = 1
     sphere, center = (0.319444,0.319444,0.507444)
          radius 0.06
          dielectric constant epsilon = 1
     sphere, center = (0.319444,0.507444,0.319444)
          radius 0.06
          dielectric constant epsilon = 1
     sphere, center = (-0.180556,0.132444,-0.180556)
          radius 0.06
          dielectric constant epsilon = 1
     sphere, center = (-0.430556,-0.430556,0.257444)
          radius 0.06
          dielectric constant epsilon = 1
     sphere, center = (0.0669444,0.0694444,-0.118556)
          radius 0.06
          dielectric constant epsilon = 1
     sphere, center = (-0.430556,-0.430556,-0.430556)
          radius 0.06
          dielectric constant epsilon = 1
     sphere, center = (-0.430556,0.0694444,0.0694444)
          radius 0.06
          dielectric constant epsilon = 1
     sphere, center = (0.0669444,0.0694444,-0.430556)
          radius 0.06
          dielectric constant epsilon = 1
     sphere, center = (0.0669444,-0.430556,0.0694444)
          radius 0.06
          dielectric constant epsilon = 1
     sphere, center = (0.319444,-0.180556,0.319444)
          radius 0.06
          dielectric constant epsilon = 1
     sphere, center = (-0.180556,-0.180556,-0.180556)
          radius 0.06
          dielectric constant epsilon = 1
     sphere, center = (-0.180556,0.319444,0.319444)
          radius 0.06
          dielectric constant epsilon = 1
     sphere, center = (0.319444,0.319444,-0.180556)
          radius 0.06
          dielectric constant epsilon = 1
Geometric object tree has depth 8 and 173 object nodes (vs. 72 actual objects)
Initializing dielectric function...
0 k-points:
Solving for band polarization: .
Initializing fields to random numbers...
elapsed time for initialization: 1 seconds.
epsilon: 1-16, mean 15.0226, harm. mean 10.7216, 98.645% > 1, 93.4843% "fill"
Outputting struct-r0.06-epsilon...
total elapsed time for run: 1 seconds.
done.
