init-params: initializing eigensolver data
Computing 1 bands with 1.000000e-07 tolerance.
Working in 3 dimensions.
Grid size is 16 x 16 x 16.
Solving for 1 bands at a time.
Creating Maxwell data...
Allocating fields...
Mesh size is 5.
Lattice vectors:
     (1, 0, 0)
     (0, 1, 0)
     (0, 0, 1)
Cell volume = 1
Reciprocal lattice vectors (/ 2 pi):
     (1, -0, 0)
     (-0, 1, -0)
     (0, -0, 1)
Geometric objects:
     sphere, center = (0.21,0.21,0.21)
          radius 0.07
          dielectric constant epsilon = 1
     sphere, center = (0.29,-0.21,-0.29)
          radius 0.07
          dielectric constant epsilon = 1
     sphere, center = (-0.21,-0.29,0.29)
          radius 0.07
          dielectric constant epsilon = 1
     sphere, center = (-0.29,0.29,-0.21)
          radius 0.07
          dielectric constant epsilon = 1
     sphere, center = (0.372,0.263,0.111)
          radius 0.07
          dielectric constant epsilon = 1
     sphere, center = (0.128,-0.263,-0.389)
          radius 0.07
          dielectric constant epsilon = 1
     sphere, center = (-0.372,-0.237,0.389)
          radius 0.07
          dielectric constant epsilon = 1
     sphere, center = (-0.128,0.237,-0.111)
          radius 0.07
          dielectric constant epsilon = 1
     sphere, center = (0.111,0.372,0.263)
          radius 0.07
          dielectric constant epsilon = 1
     sphere, center = (-0.389,0.128,-0.263)
          radius 0.07
          dielectric constant epsilon = 1
     sphere, center = (0.389,-0.372,-0.237)
          radius 0.07
          dielectric constant epsilon = 1
     sphere, center = (-0.111,-0.128,0.237)
          radius 0.07
          dielectric constant epsilon = 1
     sphere, center = (0.263,0.111,0.372)
          radius 0.07
          dielectric constant epsilon = 1
     sphere, center = (-0.263,-0.389,0.128)
          radius 0.07
          dielectric constant epsilon = 1
     sphere, center = (-0.237,0.389,-0.372)
          radius 0.07
          dielectric constant epsilon = 1
     sphere, center = (0.237,-0.111,-0.128)
          radius 0.07
          dielectric constant epsilon = 1
Geometric object tree has depth 6 and 37 object nodes (vs. 16 actual objects)
Initializing dielectric function...
0 k-points:
Solving for band polarization: .
Initializing fields to random numbers...
elapsed time for initialization: 0 seconds.
epsilon: 1-16, mean 15.6551, harm. mean 14.6938, 99.9023% > 1, 97.7004% "fill"
Outputting struct-r0.07-epsilon...
total elapsed time for run: 0 seconds.
done.
