init-params: initializing eigensolver data
Computing 1 bands with 1.000000e-07 tolerance.
Working in 3 dimensions.
Grid size is 32 x 32 x 32.
Solving for 1 bands at a time.
Creating Maxwell data...
Allocating fields...
Mesh size is 5.
Lattice vectors:
     (1, 0, 0)
     (0, 1, 0)
     (0, 0, 0.542163)
Cell volume = 0.542163
Reciprocal lattice vectors (/ 2 pi):
     (1, -0, 0)
     (-0, 1, -0)
     (0, -0, 1.84446)
Geometric objects:
     sphere, center = (-0.1622,-0.0873,0.1227)
          radius 0.65
          dielectric constant epsilon = 1
     sphere, center = (0.1622,0.0873,-0.1227)
          radius 0.65
          dielectric constant epsilon = 1
     sphere, center = (-0.3378,0.0873,-0.3773)
          radius 0.65
          dielectric constant epsilon = 1
     sphere, center = (0.3378,-0.0873,0.3773)
          radius 0.65
          dielectric constant epsilon = 1
     sphere, center = (-0.1627,0.0878,0.3727)
          radius 0.65
          dielectric constant epsilon = 1
     sphere, center = (0.1627,-0.0878,-0.3727)
          radius 0.65
          dielectric constant epsilon = 1
     sphere, center = (-0.3373,-0.0878,-0.1273)
          radius 0.65
          dielectric constant epsilon = 1
     sphere, center = (0.3373,0.0878,0.1273)
          radius 0.65
          dielectric constant epsilon = 1
     sphere, center = (0.3378,0.4127,-0.3773)
          radius 0.65
          dielectric constant epsilon = 1
     sphere, center = (-0.3378,-0.4127,0.3773)
          radius 0.65
          dielectric constant epsilon = 1
     sphere, center = (0.1622,-0.4127,0.1227)
          radius 0.65
          dielectric constant epsilon = 1
     sphere, center = (-0.1622,0.4127,-0.1227)
          radius 0.65
          dielectric constant epsilon = 1
     sphere, center = (0.3373,-0.4122,-0.1273)
          radius 0.65
          dielectric constant epsilon = 1
     sphere, center = (-0.3373,0.4122,0.1273)
          radius 0.65
          dielectric constant epsilon = 1
     sphere, center = (0.1627,0.4122,0.3727)
          radius 0.65
          dielectric constant epsilon = 1
     sphere, center = (-0.1627,-0.4122,-0.3727)
          radius 0.65
          dielectric constant epsilon = 1
     sphere, center = (-0.1285,-0.0026,-0.2583)
          radius 0.65
          dielectric constant epsilon = 1
     sphere, center = (0.1285,0.0026,0.2583)
          radius 0.65
          dielectric constant epsilon = 1
     sphere, center = (-0.3715,0.0026,0.2417)
          radius 0.65
          dielectric constant epsilon = 1
     sphere, center = (0.3715,-0.0026,-0.2417)
          radius 0.65
          dielectric constant epsilon = 1
     sphere, center = (-0.2474,0.1215,-0.0083)
          radius 0.65
          dielectric constant epsilon = 1
     sphere, center = (0.2474,-0.1215,0.0083)
          radius 0.65
          dielectric constant epsilon = 1
     sphere, center = (-0.2526,-0.1215,0.4917)
          radius 0.65
          dielectric constant epsilon = 1
     sphere, center = (0.2526,0.1215,-0.4917)
          radius 0.65
          dielectric constant epsilon = 1
     sphere, center = (0.3715,0.4974,0.2417)
          radius 0.65
          dielectric constant epsilon = 1
     sphere, center = (-0.3715,-0.4974,-0.2417)
          radius 0.65
          dielectric constant epsilon = 1
     sphere, center = (0.1285,-0.4974,-0.2583)
          radius 0.65
          dielectric constant epsilon = 1
     sphere, center = (-0.1285,0.4974,0.2583)
          radius 0.65
          dielectric constant epsilon = 1
     sphere, center = (0.2526,-0.3785,0.4917)
          radius 0.65
          dielectric constant epsilon = 1
     sphere, center = (-0.2526,0.3785,-0.4917)
          radius 0.65
          dielectric constant epsilon = 1
     sphere, center = (0.2474,0.3785,-0.0083)
          radius 0.65
          dielectric constant epsilon = 1
     sphere, center = (-0.2474,-0.3785,0.0083)
          radius 0.65
          dielectric constant epsilon = 1
     sphere, center = (-0.1979,0.1018,-0.3778)
          radius 0.65
          dielectric constant epsilon = 1
     sphere, center = (0.1979,-0.1018,0.3778)
          radius 0.65
          dielectric constant epsilon = 1
     sphere, center = (-0.3021,-0.1018,0.1222)
          radius 0.65
          dielectric constant epsilon = 1
     sphere, center = (0.3021,0.1018,-0.1222)
          radius 0.65
          dielectric constant epsilon = 1
     sphere, center = (-0.3518,0.0521,-0.1278)
          radius 0.65
          dielectric constant epsilon = 1
     sphere, center = (0.3518,-0.0521,0.1278)
          radius 0.65
          dielectric constant epsilon = 1
     sphere, center = (-0.1482,-0.0521,0.3722)
          radius 0.65
          dielectric constant epsilon = 1
     sphere, center = (0.1482,0.0521,-0.3722)
          radius 0.65
          dielectric constant epsilon = 1
     sphere, center = (0.3021,-0.3982,0.1222)
          radius 0.65
          dielectric constant epsilon = 1
     sphere, center = (-0.3021,0.3982,-0.1222)
          radius 0.65
          dielectric constant epsilon = 1
     sphere, center = (0.1979,0.3982,-0.3778)
          radius 0.65
          dielectric constant epsilon = 1
     sphere, center = (-0.1979,-0.3982,0.3778)
          radius 0.65
          dielectric constant epsilon = 1
     sphere, center = (0.1482,-0.4479,0.3722)
          radius 0.65
          dielectric constant epsilon = 1
     sphere, center = (-0.1482,0.4479,-0.3722)
          radius 0.65
          dielectric constant epsilon = 1
     sphere, center = (0.3518,0.4479,-0.1278)
          radius 0.65
          dielectric constant epsilon = 1
     sphere, center = (-0.3518,-0.4479,0.1278)
          radius 0.65
          dielectric constant epsilon = 1
     sphere, center = (-0.1392,0.0326,-0.008)
          radius 0.65
          dielectric constant epsilon = 1
     sphere, center = (0.1392,-0.0326,0.008)
          radius 0.65
          dielectric constant epsilon = 1
     sphere, center = (-0.3608,-0.0326,0.492)
          radius 0.65
          dielectric constant epsilon = 1
     sphere, center = (0.3608,0.0326,-0.492)
          radius 0.65
          dielectric constant epsilon = 1
     sphere, center = (-0.2826,0.1108,0.242)
          radius 0.65
          dielectric constant epsilon = 1
     sphere, center = (0.2826,-0.1108,-0.242)
          radius 0.65
          dielectric constant epsilon = 1
     sphere, center = (-0.2174,-0.1108,-0.258)
          radius 0.65
          dielectric constant epsilon = 1
     sphere, center = (0.2174,0.1108,0.258)
          radius 0.65
          dielectric constant epsilon = 1
     sphere, center = (0.3608,-0.4674,0.492)
          radius 0.65
          dielectric constant epsilon = 1
     sphere, center = (-0.3608,0.4674,-0.492)
          radius 0.65
          dielectric constant epsilon = 1
     sphere, center = (0.1392,0.4674,-0.008)
          radius 0.65
          dielectric constant epsilon = 1
     sphere, center = (-0.1392,-0.4674,0.008)
          radius 0.65
          dielectric constant epsilon = 1
     sphere, center = (0.2174,-0.3892,-0.258)
          radius 0.65
          dielectric constant epsilon = 1
     sphere, center = (-0.2174,0.3892,0.258)
          radius 0.65
          dielectric constant epsilon = 1
     sphere, center = (0.2826,0.3892,0.242)
          radius 0.65
          dielectric constant epsilon = 1
     sphere, center = (-0.2826,-0.3892,-0.242)
          radius 0.65
          dielectric constant epsilon = 1
     sphere, center = (-0.1415,0.2237,-0.2925)
          radius 0.65
          dielectric constant epsilon = 1
     sphere, center = (0.1415,-0.2237,0.2925)
          radius 0.65
          dielectric constant epsilon = 1
     sphere, center = (-0.3585,-0.2237,0.2075)
          radius 0.65
          dielectric constant epsilon = 1
     sphere, center = (0.3585,0.2237,-0.2075)
          radius 0.65
          dielectric constant epsilon = 1
     sphere, center = (-0.4737,0.1085,-0.0425)
          radius 0.65
          dielectric constant epsilon = 1
     sphere, center = (0.4737,-0.1085,0.0425)
          radius 0.65
          dielectric constant epsilon = 1
     sphere, center = (-0.0263,-0.1085,0.4575)
          radius 0.65
          dielectric constant epsilon = 1
     sphere, center = (0.65263,0.1085,-0.4575)
          radius 0.65
          dielectric constant epsilon = 1
     sphere, center = (0.3585,-0.2763,0.2075)
          radius 0.65
          dielectric constant epsilon = 1
     sphere, center = (-0.3585,0.2763,-0.2075)
          radius 0.65
          dielectric constant epsilon = 1
     sphere, center = (0.1415,0.2763,-0.2925)
          radius 0.65
          dielectric constant epsilon = 1
     sphere, center = (-0.1415,-0.2763,0.2925)
          radius 0.65
          dielectric constant epsilon = 1
     sphere, center = (0.65263,-0.3915,0.4575)
          radius 0.65
          dielectric constant epsilon = 1
     sphere, center = (-0.0263,0.3915,-0.4575)
          radius 0.65
          dielectric constant epsilon = 1
     sphere, center = (0.4737,0.3915,-0.0425)
          radius 0.65
          dielectric constant epsilon = 1
     sphere, center = (-0.4737,-0.3915,0.0425)
          radius 0.65
          dielectric constant epsilon = 1
     sphere, center = (-0.0241,0.1063,0.0714)
          radius 0.65
          dielectric constant epsilon = 1
     sphere, center = (0.65241,-0.1063,-0.0714)
          radius 0.65
          dielectric constant epsilon = 1
     sphere, center = (-0.4759,-0.1063,-0.4286)
          radius 0.65
          dielectric constant epsilon = 1
     sphere, center = (0.4759,0.1063,0.4286)
          radius 0.65
          dielectric constant epsilon = 1
     sphere, center = (-0.3563,0.2259,0.3214)
          radius 0.65
          dielectric constant epsilon = 1
     sphere, center = (0.3563,-0.2259,-0.3214)
          radius 0.65
          dielectric constant epsilon = 1
     sphere, center = (-0.1437,-0.2259,-0.1786)
          radius 0.65
          dielectric constant epsilon = 1
     sphere, center = (0.1437,0.2259,0.1786)
          radius 0.65
          dielectric constant epsilon = 1
     sphere, center = (0.4759,-0.3937,-0.4286)
          radius 0.65
          dielectric constant epsilon = 1
     sphere, center = (-0.4759,0.3937,0.4286)
          radius 0.65
          dielectric constant epsilon = 1
     sphere, center = (0.65241,0.3937,0.0714)
          radius 0.65
          dielectric constant epsilon = 1
     sphere, center = (-0.0241,-0.3937,-0.0714)
          radius 0.65
          dielectric constant epsilon = 1
     sphere, center = (0.1437,-0.2741,-0.1786)
          radius 0.65
          dielectric constant epsilon = 1
     sphere, center = (-0.1437,0.2741,0.1786)
          radius 0.65
          dielectric constant epsilon = 1
     sphere, center = (0.3563,0.2741,0.3214)
          radius 0.65
          dielectric constant epsilon = 1
     sphere, center = (-0.3563,-0.2741,-0.3214)
          radius 0.65
          dielectric constant epsilon = 1
Geometric object tree has depth 19 and 3369972 object nodes (vs. 96 actual objects)
Initializing dielectric function...
0 k-points:
Solving for band polarization: .
Initializing fields to random numbers...
elapsed time for initialization: 18 seconds.
epsilon: 1-1, mean 1, harm. mean 1, 0% > 1, 100% "fill"
Outputting struct-r0.65-epsilon...
total elapsed time for run: 18 seconds.
done.
